POST /api/admin/login - 2025-11-05T19:03:02.285Z
POST /api/admin/login - 2025-11-05T19:04:19.114Z
POST /api/admin/login - 2025-11-05T19:06:29.548Z
POST /api/admin/login - 2025-11-05T19:15:50.931Z
POST /api/admin/login - 2025-11-05T19:16:13.644Z
POST /api/admin/login - 2025-11-05T19:16:28.709Z
POST /api/admin/login - 2025-11-05T19:18:49.191Z
POST /api/admin/login - 2025-11-05T19:18:55.440Z
POST /api/admin/login - 2025-11-05T19:19:19.875Z
POST /api/admin/login - 2025-11-05T19:19:36.777Z
POST /api/admin/login - 2025-11-05T19:19:52.472Z
POST /api/admin/login - 2025-11-05T19:20:00.614Z
POST /api/admin/login - 2025-11-05T19:32:17.601Z
POST /api/admin/login - 2025-11-05T19:34:45.151Z
POST /api/admin/login - 2025-11-05T19:36:19.467Z
POST /api/admin/login - 2025-11-05T19:42:09.217Z
POST /api/admin/login - 2025-11-05T19:43:33.846Z
POST /api/admin/login - 2025-11-05T19:45:36.828Z
POST /api/admin/login - 2025-11-05T19:45:56.767Z
POST /api/admin/login - 2025-11-05T19:47:11.520Z
POST /api/admin/login - 2025-11-05T19:47:34.619Z
POST /api/admin/login - 2025-11-06T08:29:00.516Z
POST /api/admin/login - 2025-11-06T08:42:55.887Z
POST /api/admin/login - 2025-11-06T08:57:01.503Z
POST /api/admin/login - 2025-11-06T08:58:09.948Z
POST /api/admin/login - 2025-11-06T09:03:04.695Z
POST /api/admin/login - 2025-11-06T09:18:38.204Z
POST /api/admin/login - 2025-11-06T09:40:54.299Z
POST /api/admin/login - 2025-11-06T09:45:13.412Z
POST /api/admin/login - 2025-11-07T09:56:24.822Z
POST /api/admin/login - 2025-11-07T10:44:55.648Z
POST /api/guest/login - 2025-11-07T10:45:02.199Z
POST /api/guest/login - 2025-11-07T10:48:31.228Z
POST /api/guest/login - 2025-11-07T10:48:38.961Z
POST /api/guest/login - 2025-11-07T10:48:46.045Z
POST /api/guest/login - 2025-11-07T10:50:03.730Z
POST /api/guest/login - 2025-11-07T10:50:15.014Z
POST /api/guest/login - 2025-11-07T10:52:39.112Z
POST /api/guest/login - 2025-11-07T10:52:55.659Z
POST /api/guest/login - 2025-11-07T10:53:59.925Z
POST /api/guest/login - 2025-11-07T10:54:30.857Z
POST /api/guest/login - 2025-11-07T10:55:27.739Z
POST /api/guest/login - 2025-11-07T10:56:36.426Z
POST /api/guest/login - 2025-11-07T11:00:33.514Z
POST /api/guest/login - 2025-11-07T11:00:49.000Z
POST /api/guest/login - 2025-11-07T11:01:42.589Z
POST /api/guest/login - 2025-11-07T11:01:54.485Z
POST /api/guest/login - 2025-11-07T11:01:58.811Z
POST /api/guest/login - 2025-11-07T11:02:59.785Z
POST /api/guest/login - 2025-11-07T11:03:08.096Z
POST /api/guest/login - 2025-11-07T11:04:11.034Z
POST /api/guest/login - 2025-11-07T11:04:23.682Z
POST /api/guest/login - 2025-11-07T11:05:28.678Z
POST /api/guest/login - 2025-11-07T11:06:12.397Z
POST /api/guest/login - 2025-11-07T11:06:41.516Z
POST /api/guest/login - 2025-11-07T11:09:28.787Z
POST /api/guest/login - 2025-11-07T11:09:51.315Z
POST /api/guest/login - 2025-11-07T11:11:40.460Z
POST /api/guest/login - 2025-11-07T11:12:22.133Z
POST /api/guest/login - 2025-11-07T11:19:26.817Z
POST /api/guest/login - 2025-11-07T11:19:32.634Z
POST /api/guest/login - 2025-11-07T11:21:51.596Z
POST /api/guest/login - 2025-11-07T11:22:14.465Z
POST /api/guest/login - 2025-11-07T11:24:51.633Z
POST /api/guest/login - 2025-11-07T11:46:23.710Z
POST /api/admin/login - 2025-11-07T12:07:32.973Z
POST /api/guest/login - 2025-11-08T06:01:12.074Z
POST /api/guest/login - 2025-11-08T06:03:15.052Z
POST /api/guest/login - 2025-11-08T06:03:41.583Z
POST /api/guest/login - 2025-11-08T06:04:48.866Z
POST /api/guest/login - 2025-11-08T06:05:02.779Z
POST /api/guest/login - 2025-11-08T06:10:07.696Z
POST /api/guest/login - 2025-11-08T06:26:06.334Z
POST /api/guest/login - 2025-11-08T06:27:08.264Z
POST /api/guest/login - 2025-11-08T06:31:11.029Z
POST /api/admin/login - 2025-11-08T06:32:03.384Z
POST /api/admin/login - 2025-11-08T06:32:37.345Z
POST /api/guest/login - 2025-11-08T06:32:42.694Z
POST /api/guest/login - 2025-11-08T06:32:52.693Z
POST /api/guest/login - 2025-11-08T06:44:32.331Z
POST /api/guest/login - 2025-11-08T06:44:53.927Z
POST /api/guest/login - 2025-11-08T07:08:47.810Z
POST /api/guest/dashboard - 2025-11-08T07:08:52.554Z
POST /api/guest/dashboard - 2025-11-08T07:08:54.098Z
POST /api/guest/dashboard - 2025-11-08T07:09:06.886Z
POST /api/guest/dashboard - 2025-11-08T07:09:17.349Z
POST /api/guest/dashboard - 2025-11-08T07:09:18.415Z
POST /api/guest/login - 2025-11-08T07:09:43.288Z
POST /api/guest/dashboard - 2025-11-08T07:09:48.466Z
POST /api/guest/dashboard - 2025-11-08T07:10:16.770Z
POST /api/guest/login - 2025-11-08T07:10:21.032Z
POST /api/guest/dashboard - 2025-11-08T07:10:25.166Z
POST /api/guest/login - 2025-11-08T07:11:05.432Z
POST /api/guest/dashboard - 2025-11-08T07:11:09.596Z
POST /api/guest/dashboard - 2025-11-08T07:15:03.967Z
POST /api/admin/login - 2025-11-08T07:16:54.731Z
POST /api/guest/login - 2025-11-08T07:23:04.371Z
POST /api/guest/dashboard - 2025-11-08T07:26:59.326Z
POST /api/guest/login - 2025-11-08T07:27:07.737Z
POST /api/guest/dashboard - 2025-11-08T07:27:16.886Z
POST /api/guest/dashboard - 2025-11-08T07:27:45.890Z
POST /api/guest/dashboard - 2025-11-08T07:27:57.735Z
POST /api/guest/login - 2025-11-08T07:31:43.043Z
POST /api/guest/login - 2025-11-08T07:38:43.656Z
POST /api/guest/dashboard - 2025-11-08T07:39:20.137Z
POST /api/guest/login - 2025-11-08T07:51:10.257Z
POST /api/guest/dashboard - 2025-11-08T07:51:42.219Z
POST /api/guest/login - 2025-11-08T07:52:25.938Z
POST /api/guest/login - 2025-11-08T07:53:49.785Z
POST /api/guest/dashboard - 2025-11-08T07:55:41.278Z
POST /api/guest/dashboard - 2025-11-08T07:55:54.258Z
POST /api/guest/login - 2025-11-08T07:57:41.346Z
POST /api/guest/dashboard - 2025-11-08T07:58:02.941Z
POST /api/guest/login - 2025-11-08T07:58:28.556Z
POST /api/guest/login - 2025-11-08T09:41:55.526Z
POST /api/admin/login - 2025-11-09T08:34:39.498Z
POST /api/guest/login - 2025-11-09T08:34:46.817Z
POST /api/admin/login - 2025-11-09T08:35:08.650Z
POST /api/guest/login - 2025-11-09T08:35:17.765Z
POST /api/guest/dashboard - 2025-11-09T08:35:35.202Z
POST /api/admin/login - 2025-11-10T10:58:16.647Z
POST /api/admin/login - 2025-11-10T11:09:05.807Z
POST /api/admin/login - 2025-11-10T11:10:20.278Z
POST /api/admin/login - 2025-11-10T11:12:38.676Z
POST /api/admin/login - 2025-11-10T11:21:52.587Z
POST /api/admin/login - 2025-11-11T17:15:34.361Z
POST /api/admin/login - 2025-11-11T17:24:49.623Z
POST /api/admin/login - 2025-11-11T17:25:09.954Z
POST /api/admin/login - 2025-11-11T17:30:23.610Z
POST /api/admin/login - 2025-11-11T17:38:27.883Z
POST /api/admin/login - 2025-11-11T17:47:27.015Z
POST /api/admin/login - 2025-11-11T17:56:43.983Z
POST /api/admin/login - 2025-11-11T17:59:11.662Z
POST /api/admin/login - 2025-11-11T18:02:21.625Z
POST /api/admin/login - 2025-11-11T18:16:38.169Z
POST /api/admin/login - 2025-11-11T18:16:50.270Z
POST /api/admin/login - 2025-11-11T18:17:10.103Z
POST /api/admin/login - 2025-11-11T18:19:18.017Z
POST /api/admin/login - 2025-11-11T18:33:53.045Z
POST /api/admin/login - 2025-11-12T10:06:46.763Z
POST /api/admin/login - 2025-11-12T10:11:21.111Z
POST /api/admin/login - 2025-11-12T10:19:32.188Z
POST /api/admin/login - 2025-11-12T10:23:08.193Z
POST /api/admin/login - 2025-11-12T10:24:36.244Z
POST /api/admin/login - 2025-11-12T10:53:14.556Z
POST /api/admin/login - 2025-11-12T11:20:53.719Z
POST /api/admin/login - 2025-11-12T11:21:06.965Z
POST /api/admin/login - 2025-11-12T11:37:36.937Z
POST /api/admin/login - 2025-11-12T13:43:44.656Z
POST /api/admin/login - 2025-12-04T13:41:53.874Z
POST /api/guest/login - 2025-12-04T13:42:45.972Z
POST /api/admin/login - 2025-12-04T13:43:04.206Z
POST /api/admin/login - 2025-12-04T13:45:15.592Z
POST /api/admin/login - 2025-12-04T13:45:49.356Z
POST /api/admin/login - 2025-12-04T13:51:07.701Z
POST /api/admin/login - 2025-12-07T10:55:38.647Z
POST /api/admin/login - 2025-12-07T10:56:53.775Z
POST /api/admin/login - 2025-12-07T10:57:20.524Z
POST /api/admin/login - 2025-12-07T10:59:19.427Z
POST /api/admin/login - 2025-12-07T11:00:10.438Z
POST /api/admin/login - 2025-12-07T11:01:50.457Z
POST /api/admin/login - 2025-12-07T11:03:41.808Z
POST /api/admin/login - 2025-12-07T11:08:09.041Z
POST /api/admin/login - 2025-12-07T11:19:20.803Z
POST /api/admin/login - 2025-12-07T12:04:13.076Z
POST /api/admin/login - 2025-12-07T12:20:39.268Z
POST /api/admin/login - 2025-12-07T12:21:07.097Z
POST /api/admin/login - 2025-12-07T12:21:34.364Z
POST /api/admin/login - 2025-12-07T12:46:03.512Z
POST /api/admin/login - 2025-12-07T12:47:24.762Z
POST /api/admin/login - 2025-12-07T12:49:45.658Z
POST /api/admin/login - 2025-12-07T12:51:12.325Z
POST /api/admin/login - 2025-12-07T12:53:48.336Z
POST /api/admin/login - 2025-12-07T13:04:19.313Z
POST /api/admin/login - 2025-12-07T15:16:44.211Z
POST /api/admin/login - 2025-12-07T15:17:02.856Z
POST /api/admin/login - 2025-12-08T13:25:21.925Z
POST /api/admin/login - 2025-12-08T13:31:14.815Z
POST /api/admin/login - 2025-12-08T13:33:23.733Z
POST /api/admin/login - 2025-12-09T10:45:26.091Z
POST /api/admin/login - 2025-12-09T10:52:21.798Z
POST /appartement - 2025-12-09T18:12:21.926Z
POST /api/appartement - 2025-12-09T18:13:44.262Z
POST /api/appartement - 2025-12-09T18:15:12.289Z
POST /api/appartement - 2025-12-09T18:17:27.440Z
POST /api/appartement - 2025-12-09T18:19:33.025Z
POST /api/appartement - 2025-12-09T18:19:47.563Z
POST /api/appartement - 2025-12-09T18:20:19.814Z
POST /api/appartement - 2025-12-09T18:20:20.666Z
POST /api/appartement - 2025-12-09T18:20:21.531Z
POST /api/appartement - 2025-12-09T18:20:52.783Z
POST /api/appartement - 2025-12-09T18:21:38.490Z
POST /api/appartement - 2025-12-09T18:21:39.258Z
POST /api/appartement - 2025-12-09T18:21:39.910Z
POST /api/appartement - 2025-12-09T18:22:22.781Z
POST /api/appartement - 2025-12-09T18:22:23.877Z
POST /api/appartement - 2025-12-09T18:23:33.754Z
POST /api/appartement - 2025-12-09T18:23:34.444Z
POST /api/appartement - 2025-12-09T18:24:41.164Z
POST /api/appartement - 2025-12-09T18:24:41.825Z
POST /api/appartement - 2025-12-09T18:24:49.072Z
POST /api/appartement - 2025-12-09T18:24:49.726Z
POST /api/appartement - 2025-12-09T18:26:58.273Z
POST /api/appartement - 2025-12-09T18:31:47.084Z
POST /api/appartement - 2025-12-09T18:36:45.505Z
POST /api/admin/login - 2025-12-09T19:15:10.496Z
POST /api/admin/login - 2025-12-09T19:25:10.424Z
POST /api/admin/login - 2025-12-09T19:30:17.454Z
POST /api/appartement - 2025-12-09T19:49:40.022Z
POST /api/appartement - 2025-12-09T19:50:00.065Z
POST /api/admin/login - 2025-12-09T19:51:56.399Z
POST /api/appartement - 2025-12-09T19:52:14.919Z
POST /api/admin/login - 2025-12-10T08:44:50.050Z
POST /api/admin/login - 2025-12-10T08:51:00.989Z
POST /api/admin/login - 2025-12-10T09:08:26.193Z
POST /api/appart - 2025-12-10T09:25:30.628Z
POST /api/appart - 2025-12-10T09:27:16.890Z
POST /api/appart - 2025-12-10T09:27:26.185Z
POST /api/appart - 2025-12-10T09:27:26.617Z
POST /api/appartement - 2025-12-10T09:27:38.264Z
POST /api/admin/login - 2025-12-10T09:36:11.348Z
GET /api/appartements - 2025-12-10T10:21:15.822Z
GET /api/appartements - 2025-12-10T10:21:15.823Z
GET /api/appartements - 2025-12-10T10:24:30.908Z
GET /api/admin/appartement - 2025-12-10T10:48:40.181Z
GET /api/admin/appartement - 2025-12-10T10:49:32.144Z
GET /api/admin/appartement - 2025-12-10T10:49:33.019Z
GET /api/admin/appartement - 2025-12-10T10:50:23.600Z
GET /api/admin/appartement - 2025-12-10T10:50:24.449Z
GET /api/admin/appartement - 2025-12-10T10:50:25.235Z
GET /api/admin/appartement - 2025-12-10T10:51:13.576Z
GET /api/admin/appartement - 2025-12-10T10:51:29.381Z
GET /api/admin/appartement - 2025-12-10T10:51:30.117Z
GET /api/admin/appartement - 2025-12-10T10:52:10.501Z
GET /api/admin/appartement - 2025-12-10T10:52:11.101Z
GET /api/admin/appartement - 2025-12-10T10:52:22.746Z
GET /api/admin/appartement - 2025-12-10T10:52:42.916Z
GET /api/admin/appartement - 2025-12-10T10:52:42.921Z
POST /api/admin/login - 2025-12-10T10:53:35.083Z
GET /api/admin/appartement - 2025-12-10T10:53:39.163Z
GET /api/admin/appartement - 2025-12-10T10:53:39.168Z
POST /api/admin/login - 2025-12-10T10:54:15.401Z
GET /api/admin/appartement - 2025-12-10T10:54:17.213Z
GET /api/admin/appartement - 2025-12-10T10:54:17.217Z
POST /api/admin/login - 2025-12-10T10:55:10.382Z
GET /api/admin/appartement - 2025-12-10T10:55:13.514Z
GET /api/admin/appartement - 2025-12-10T10:55:13.517Z
GET /api/admin/appartement - 2025-12-10T10:55:35.096Z
GET /api/admin/appartement - 2025-12-10T10:55:35.101Z
GET /api/admin/appartement - 2025-12-10T10:58:26.979Z
GET /api/admin/appartement - 2025-12-10T10:58:26.981Z
GET /api/admin/appartement - 2025-12-10T10:59:39.308Z
GET /api/admin/appartement - 2025-12-10T10:59:39.311Z
POST /api/admin/login - 2025-12-10T11:05:26.799Z
GET /api/admin/appartement - 2025-12-10T11:06:02.187Z
GET /api/admin/appartement - 2025-12-10T11:06:02.198Z
GET /api/admin/appartement - 2025-12-12T08:35:09.730Z
GET /api/admin/appartement - 2025-12-12T08:35:09.774Z
POST /api/admin/login - 2025-12-12T08:36:14.269Z
GET /api/admin/appartement - 2025-12-12T08:36:16.606Z
GET /api/admin/appartement - 2025-12-12T08:36:16.608Z
GET /api/admin/appartement - 2025-12-12T08:39:57.885Z
GET /api/admin/appartement - 2025-12-12T08:39:57.889Z
POST /api/admin/login - 2025-12-12T08:55:21.668Z
GET /api/admin/appartement - 2025-12-12T08:55:23.746Z
GET /api/admin/appartement - 2025-12-12T08:55:23.749Z
GET /api/admin/appartement_details/undefined - 2025-12-12T09:07:00.144Z
GET /api/admin/appartement_details/undefined - 2025-12-12T09:07:03.561Z
GET /api/admin/appartement_details/undefined - 2025-12-12T09:07:04.562Z
GET /api/admin/appartement - 2025-12-12T09:07:05.997Z
GET /api/admin/appartement - 2025-12-12T09:07:06.012Z
GET /api/admin/appartement_details/undefined - 2025-12-12T09:07:07.048Z
GET /api/admin/appartement_details/undefined - 2025-12-12T09:07:09.777Z
GET /api/admin/appartement_details/undefined - 2025-12-12T09:07:11.162Z
GET /api/admin/appartement_details/undefined - 2025-12-12T09:07:11.562Z
GET /api/admin/appartement_detail/undefined - 2025-12-12T09:07:51.613Z
GET /api/admin/appartement_detail/undefined - 2025-12-12T09:07:52.396Z
GET /api/admin/appartement_detail/undefined - 2025-12-12T09:08:19.415Z
GET /api/admin/appartement_detail/undefined - 2025-12-12T09:08:20.363Z
GET /api/admin/appartement_detail/undefined - 2025-12-12T09:08:21.013Z
GET /api/admin/appartement_detail/undefined - 2025-12-12T09:08:21.396Z
GET /api/admin/appartement_detail/undefined - 2025-12-12T09:09:40.913Z
GET /api/admin/appartement_detail/undefined - 2025-12-12T09:10:49.462Z
GET /api/admin/appartement_detail/undefined - 2025-12-12T09:10:49.951Z
GET /api/admin/appartement_detail/undefined - 2025-12-12T09:10:50.713Z
POST /api/admin/login - 2025-12-12T09:11:59.231Z
GET /api/admin/appartement - 2025-12-12T09:12:01.833Z
GET /api/admin/appartement - 2025-12-12T09:12:01.840Z
GET /api/admin/appartement_detail/undefined - 2025-12-12T09:12:04.366Z
GET /api/admin/appartement_detail/4 - 2025-12-12T09:12:59.545Z
GET /api/admin/appartement_detail/4 - 2025-12-12T09:12:59.964Z
POST /api/admin/login - 2025-12-12T09:13:16.883Z
GET /api/admin/appartement - 2025-12-12T09:13:19.282Z
GET /api/admin/appartement - 2025-12-12T09:13:19.286Z
GET /api/admin/appartement_detail/1 - 2025-12-12T09:13:20.531Z
GET /api/admin/appartement_detail/2 - 2025-12-12T09:14:04.364Z
GET /api/admin/appartement_detail/2 - 2025-12-12T09:14:04.963Z
GET /api/admin/appartement_detail/3 - 2025-12-12T09:14:06.380Z
GET /api/admin/appartement_detail/3 - 2025-12-12T09:14:08.244Z
GET /api/admin/appartement_detail/6 - 2025-12-12T09:14:11.697Z
GET /api/admin/appartement_detail/4 - 2025-12-12T09:14:14.082Z
GET /api/admin/appartement_detail/5 - 2025-12-12T09:14:16.130Z
GET /api/admin/appartement - 2025-12-12T09:25:05.762Z
GET /api/admin/appartement - 2025-12-12T09:25:05.778Z
GET /api/admin/appartement_detail/1 - 2025-12-12T09:25:07.849Z
GET /api/admin/appartement - 2025-12-15T12:45:22.489Z
GET /api/admin/appartement - 2025-12-15T12:45:22.541Z
GET /api/admin/appartement_detail/3 - 2025-12-15T12:45:45.612Z
GET /api/admin/appartement_detail/2 - 2025-12-15T12:45:47.014Z
GET /api/admin/appartement_detail/4 - 2025-12-15T12:45:49.781Z
POST /api/admin/login - 2025-12-15T12:45:59.796Z
GET /api/admin/appartement - 2025-12-15T12:46:02.013Z
GET /api/admin/appartement - 2025-12-15T12:46:02.018Z
GET /api/admin/appartement_detail/3 - 2025-12-15T12:46:04.179Z
GET /api/admin/appartement_detail/6 - 2025-12-15T12:46:18.513Z
GET /api/admin/appartement_detail/3 - 2025-12-15T12:47:47.211Z
GET /api/admin/appartement_detail/4 - 2025-12-15T12:47:55.693Z
GET /api/admin/appartement_detail/4 - 2025-12-15T12:48:17.279Z
GET /api/admin/appartement_detail/4 - 2025-12-15T12:48:18.790Z
GET /api/admin/appartement_detail/2 - 2025-12-15T12:48:46.943Z
GET /api/admin/appartement_detail/3 - 2025-12-15T12:51:07.579Z
GET /api/admin/appartement_detail/4 - 2025-12-15T12:51:57.317Z
GET /api/admin/appartement - 2025-12-15T12:59:06.760Z
GET /api/admin/appartement - 2025-12-15T12:59:23.516Z
GET /api/admin/appartement_detail/4 - 2025-12-15T13:01:43.206Z
GET /api/admin/appartement_detail/4 - 2025-12-15T13:01:46.570Z
GET /api/admin/appartement_detail/3 - 2025-12-15T13:01:51.355Z
POST /api/admin/login - 2025-12-15T13:02:27.731Z
GET /api/admin/appartement - 2025-12-15T13:02:31.317Z
GET /api/admin/appartement - 2025-12-15T13:02:31.321Z
GET /api/admin/appartement_detail/2 - 2025-12-15T13:02:32.325Z
POST /api/admin/login - 2025-12-15T13:03:55.113Z
GET /api/admin/appartement - 2025-12-15T13:03:57.773Z
GET /api/admin/appartement - 2025-12-15T13:03:57.777Z
GET /api/admin/appartement_detail/2 - 2025-12-15T13:03:58.606Z
GET /api/admin/appartement_detail/6 - 2025-12-15T13:04:37.080Z
GET /api/admin/appartement_detail/2 - 2025-12-15T13:05:43.058Z
POST /api/admin/login - 2025-12-15T13:06:53.511Z
GET /api/admin/appartement - 2025-12-15T13:07:08.501Z
GET /api/admin/appartement - 2025-12-15T13:07:08.505Z
GET /api/admin/appartement_detail/2 - 2025-12-15T13:07:09.438Z
GET /api/admin/appartement_detail/2 - 2025-12-15T13:09:08.088Z
GET /api/admin/appartement_detail/5 - 2025-12-15T13:09:11.529Z
GET /api/admin/appartement_detail/2 - 2025-12-15T13:09:39.525Z
GET /api/admin/appartement_detail/4 - 2025-12-15T13:10:17.076Z
GET /api/admin/appartement_detail/6 - 2025-12-15T13:10:19.674Z
GET /api/admin/appartement_detail/2 - 2025-12-15T13:12:54.055Z
GET /api/admin/appartement_detail/2 - 2025-12-15T13:13:36.629Z
GET /api/admin/appartement_detail/3 - 2025-12-15T13:14:27.787Z
GET /api/admin/appartement_detail/2 - 2025-12-15T13:14:37.084Z
GET /api/admin/appartement_detail/4 - 2025-12-15T13:14:49.686Z
GET /api/admin/appartement_detail/6 - 2025-12-15T13:15:01.334Z
GET /api/admin/appartement_detail/3 - 2025-12-15T13:15:43.411Z
GET /api/admin/appartement_detail/2 - 2025-12-15T13:15:55.191Z
GET /api/admin/appartement_detail/4 - 2025-12-15T13:16:26.687Z
POST /api/admin/login - 2025-12-15T13:16:39.309Z
GET /api/admin/appartement - 2025-12-15T13:17:39.998Z
GET /api/admin/appartement - 2025-12-15T13:17:39.999Z
GET /api/admin/appartement_detail/6 - 2025-12-15T13:17:41.366Z
GET /api/admin/appartement_detail/6 - 2025-12-15T13:17:45.014Z
GET /api/admin/appartement_detail/6 - 2025-12-15T13:18:50.287Z
GET /api/admin/appartement_detail/6 - 2025-12-15T13:19:00.048Z
GET /api/admin/appartement_detail/6 - 2025-12-15T13:19:57.736Z
GET /api/admin/appartement_detail/6 - 2025-12-15T13:20:28.038Z
GET /api/admin/appartement_detail/6 - 2025-12-15T13:20:35.950Z
GET /api/admin/appartement_detail/2 - 2025-12-15T13:21:05.031Z
GET /api/admin/appartement_detail/2 - 2025-12-15T13:21:21.900Z
GET /api/admin/appartement_detail/3 - 2025-12-15T13:21:27.200Z
GET /api/admin/appartement_detail/4 - 2025-12-15T13:21:30.100Z
GET /api/admin/appartement - 2025-12-15T16:24:20.628Z
GET /api/admin/appartement - 2025-12-15T16:24:20.634Z
GET /api/admin/appartement - 2025-12-15T16:30:31.989Z
GET /api/admin/appartement - 2025-12-15T16:30:32.053Z
GET /api/admin/appartement_detail/1 - 2025-12-15T16:30:33.042Z
GET /api/admin/appartement_detail/1 - 2025-12-15T16:30:40.194Z
GET /api/admin/appartement_detail/4 - 2025-12-15T16:33:54.483Z
POST /api/admin/login - 2025-12-15T16:35:00.215Z
GET /api/admin/appartement - 2025-12-15T16:35:06.491Z
GET /api/admin/appartement - 2025-12-15T16:35:06.496Z
GET /api/admin/appartement_detail/6 - 2025-12-15T16:35:26.558Z
GET /api/admin/appartement_detail/3 - 2025-12-15T16:35:31.773Z
POST /api/admin/login - 2025-12-16T09:58:35.550Z
POST /api/admin/login - 2025-12-16T10:15:02.135Z
GET /api/admin/rules - 2025-12-16T10:17:49.936Z
GET /api/admin/rules - 2025-12-16T10:17:49.948Z
POST /api/admin/login - 2025-12-16T10:27:12.148Z
GET /api/admin/rules - 2025-12-16T10:27:14.586Z
GET /api/admin/rules - 2025-12-16T10:27:14.591Z
GET /api/admin/rules - 2025-12-16T10:27:21.902Z
GET /api/admin/rules - 2025-12-16T10:27:21.907Z
POST /api/admin/login - 2025-12-16T10:29:26.354Z
GET /api/admin/rules - 2025-12-16T10:29:28.424Z
GET /api/admin/rules - 2025-12-16T10:29:28.427Z
GET /api/admin/appartement - 2025-12-16T10:30:25.075Z
GET /api/admin/appartement - 2025-12-16T10:30:25.080Z
GET /api/admin/rules - 2025-12-16T10:30:31.967Z
GET /api/admin/rules - 2025-12-16T10:30:31.970Z
POST /api/admin/login - 2025-12-16T10:30:57.466Z
GET /api/admin/rules - 2025-12-16T10:31:00.300Z
GET /api/admin/rules - 2025-12-16T10:31:00.304Z
GET /api/admin/rules - 2025-12-16T10:31:13.701Z
GET /api/admin/rules - 2025-12-16T10:31:13.705Z
GET /api/admin/rules - 2025-12-16T10:31:40.881Z
GET /api/admin/rules - 2025-12-16T10:31:40.884Z
GET /api/admin/rules - 2025-12-16T10:31:54.700Z
GET /api/admin/rules - 2025-12-16T10:31:54.705Z
GET /api/admin/rules - 2025-12-16T10:31:59.783Z
GET /api/admin/rules - 2025-12-16T10:31:59.787Z
POST /api/admin/login - 2025-12-16T10:43:27.701Z
GET /api/admin/rules - 2025-12-16T10:43:30.184Z
GET /api/admin/rules - 2025-12-16T10:43:30.186Z
GET /api/admin/rules - 2025-12-16T10:45:39.594Z
GET /api/admin/rules - 2025-12-16T10:45:39.598Z
GET /api/admin/rules - 2025-12-16T10:49:32.471Z
GET /api/admin/rules - 2025-12-16T10:49:32.476Z
GET /api/admin/appartement - 2025-12-16T10:49:38.602Z
GET /api/admin/appartement - 2025-12-16T10:49:38.607Z
GET /api/admin/appartement_detail/2 - 2025-12-16T10:49:39.813Z
GET /api/admin/rules - 2025-12-16T10:50:48.396Z
GET /api/admin/rules - 2025-12-16T10:50:48.398Z
GET /api/admin/rules - 2025-12-16T10:50:51.363Z
GET /api/admin/rules - 2025-12-16T10:50:51.367Z
GET /api/admin/appartement - 2025-12-16T10:51:00.750Z
GET /api/admin/appartement - 2025-12-16T10:51:00.753Z
GET /api/admin/rules - 2025-12-16T10:51:21.368Z
GET /api/admin/rules - 2025-12-16T10:51:21.371Z
GET /api/admin/rules - 2025-12-16T11:08:21.181Z
GET /api/admin/rules - 2025-12-16T11:08:21.186Z
GET /api/admin/appartement - 2025-12-16T11:08:22.876Z
GET /api/admin/appartement - 2025-12-16T11:08:22.878Z
GET /api/admin/appartement - 2025-12-16T11:08:25.122Z
GET /api/admin/appartement - 2025-12-16T11:08:25.123Z
GET /api/admin/appartement - 2025-12-16T11:08:34.813Z
GET /api/admin/appartement - 2025-12-16T11:08:34.816Z
GET /api/admin/rules - 2025-12-16T11:08:43.016Z
GET /api/admin/rules - 2025-12-16T11:08:43.020Z
GET /api/admin/appartement - 2025-12-16T11:08:47.282Z
GET /api/admin/appartement - 2025-12-16T11:08:47.285Z
GET /api/admin/rules - 2025-12-16T11:09:15.704Z
GET /api/admin/rules - 2025-12-16T11:09:15.707Z
GET /api/admin/rules - 2025-12-16T11:11:37.921Z
GET /api/admin/rules - 2025-12-16T11:11:37.929Z
GET /api/admin/appartement - 2025-12-16T11:13:36.780Z
GET /api/admin/appartement - 2025-12-16T11:13:36.784Z
GET /api/admin/appartement - 2025-12-16T11:13:38.485Z
GET /api/admin/appartement - 2025-12-16T11:13:38.488Z
GET /api/admin/rules - 2025-12-16T11:13:44.552Z
GET /api/admin/rules - 2025-12-16T11:13:44.554Z
GET /api/admin/rules - 2025-12-16T11:13:46.979Z
GET /api/admin/rules - 2025-12-16T11:13:46.982Z
GET /api/admin/rules - 2025-12-16T11:13:49.364Z
GET /api/admin/rules - 2025-12-16T11:13:49.367Z
GET /api/admin/appartement - 2025-12-16T11:13:52.486Z
GET /api/admin/appartement - 2025-12-16T11:13:52.488Z
GET /api/admin/appartement - 2025-12-16T11:14:20.775Z
GET /api/admin/appartement - 2025-12-16T11:14:20.779Z
GET /api/admin/appartement_detail/1 - 2025-12-16T11:14:22.051Z
GET /api/admin/appartement_detail/6 - 2025-12-16T11:17:43.050Z
